<?xml version="1.0" encoding="UTF-8"?>
<!-- Generated by org.testng.reporters.JUnitReportReporter -->
<testsuite skipped="0" hostname="DESKTOP-LTOTNC7" name="TestNG_Demo.conditions.ParamDemo" tests="1" failures="0" timestamp="18 Dec 2018 10:24:41 GMT" time="0.020" errors="0">
  <testcase name="loginToApp" time="0.020" classname="TestNG_Demo.conditions.ParamDemo"/>
</testsuite> <!-- TestNG_Demo.conditions.ParamDemo -->
