<?xml version="1.0" encoding="UTF-8"?>
<!-- Generated by org.testng.reporters.JUnitReportReporter -->
<testsuite skipped="0" hostname="DESKTOP-LTOTNC7" name="TestNG_Demo.conditions.UserMethods" tests="5" failures="0" timestamp="18 Dec 2018 09:19:13 GMT" time="0.028" errors="0">
  <testcase name="Car2" time="0.004" classname="TestNG_Demo.conditions.UserMethods"/>
  <testcase name="deleteUser" time="0.004" classname="TestNG_Demo.conditions.UserMethods"/>
  <testcase name="Car1" time="0.012" classname="TestNG_Demo.conditions.UserMethods"/>
  <testcase name="modifyUser" time="0.005" classname="TestNG_Demo.conditions.UserMethods"/>
  <testcase name="createUser" time="0.003" classname="TestNG_Demo.conditions.UserMethods"/>
</testsuite> <!-- TestNG_Demo.conditions.UserMethods -->
