<?xml version="1.0" encoding="UTF-8"?>
<!-- Generated by org.testng.reporters.JUnitReportReporter -->
<testsuite skipped="0" hostname="DESKTOP-LTOTNC7" name="actiTime.TC_LoginLogout" tests="3" failures="0" timestamp="18 Dec 2018 11:53:08 GMT" time="42.916" errors="0">
  <testcase name="LoginToActitime" time="16.599" classname="actiTime.TC_LoginLogout"/>
  <testcase name="CreateUser" time="21.915" classname="actiTime.TC_LoginLogout"/>
  <testcase name="deleteUser" time="4.402" classname="actiTime.TC_LoginLogout"/>
</testsuite> <!-- actiTime.TC_LoginLogout -->
