<?xml version="1.0" encoding="UTF-8"?>
<!-- Generated by org.testng.reporters.JUnitReportReporter -->
<testsuite skipped="0" hostname="DESKTOP-LTOTNC7" name="TestNG_Demo.conditions.ParallelExecution" tests="3" failures="0" timestamp="18 Dec 2018 09:15:42 GMT" time="1.316" errors="0">
  <testcase name="loginToActiTime3" time="0.015" classname="TestNG_Demo.conditions.ParallelExecution"/>
  <testcase name="loginToActiTime2" time="0.634" classname="TestNG_Demo.conditions.ParallelExecution"/>
  <testcase name="loginToActiTime1" time="0.667" classname="TestNG_Demo.conditions.ParallelExecution"/>
</testsuite> <!-- TestNG_Demo.conditions.ParallelExecution -->
