<?xml version="1.0" encoding="UTF-8"?>
<!-- Generated by org.testng.reporters.JUnitReportReporter -->
<testsuite skipped="0" hostname="DESKTOP-LTOTNC7" name="TestNG_Demo.conditions.DependencyTest" tests="3" failures="0" timestamp="18 Dec 2018 08:44:07 GMT" time="0.029" errors="0">
  <testcase name="createUser" time="0.022" classname="TestNG_Demo.conditions.DependencyTest"/>
  <testcase name="modifyUser" time="0.004" classname="TestNG_Demo.conditions.DependencyTest"/>
  <testcase name="deleteUser" time="0.003" classname="TestNG_Demo.conditions.DependencyTest"/>
</testsuite> <!-- TestNG_Demo.conditions.DependencyTest -->
