<?xml version="1.0" encoding="UTF-8"?>
<!-- Generated by org.testng.reporters.JUnitReportReporter -->
<testsuite skipped="0" hostname="DESKTOP-LTOTNC7" name="TestNG_Demo.conditions.GroupsDemo" tests="1" failures="0" timestamp="18 Dec 2018 09:04:32 GMT" time="0.017" errors="0">
  <testcase name="BMW" time="0.017" classname="TestNG_Demo.conditions.GroupsDemo"/>
</testsuite> <!-- TestNG_Demo.conditions.GroupsDemo -->
