<?xml version="1.0" encoding="UTF-8"?>
<!-- Generated by org.testng.reporters.JUnitReportReporter -->
<testsuite skipped="1" hostname="DESKTOP-LTOTNC7" name="TestNG_Demo.conditions.Priority_EnabledDemo" tests="3" failures="0" timestamp="18 Dec 2018 09:17:23 GMT" time="0.031" errors="0">
  <testcase name="deleteUser" time="0.022" classname="TestNG_Demo.conditions.Priority_EnabledDemo"/>
  <testcase name="createUser" time="0.009" classname="TestNG_Demo.conditions.Priority_EnabledDemo"/>
  <testcase name="modifyUser" classname="TestNG_Demo.conditions.Priority_EnabledDemo">
    <skipped/>
  </testcase> <!-- modifyUser -->
</testsuite> <!-- TestNG_Demo.conditions.Priority_EnabledDemo -->
