<?xml version="1.0" encoding="UTF-8"?>
<!-- Generated by org.testng.reporters.JUnitReportReporter -->
<testsuite skipped="0" hostname="DESKTOP-LTOTNC7" name="TestNG_Demo.conditions.CustomerMethods" tests="5" failures="0" timestamp="18 Dec 2018 08:38:33 GMT" time="0.033" errors="0">
  <testcase name="Car2" time="0.008" classname="TestNG_Demo.conditions.CustomerMethods"/>
  <testcase name="deleteCustomer" time="0.003" classname="TestNG_Demo.conditions.CustomerMethods"/>
  <testcase name="Car1" time="0.011" classname="TestNG_Demo.conditions.CustomerMethods"/>
  <testcase name="modifyCustomer" time="0.007" classname="TestNG_Demo.conditions.CustomerMethods"/>
  <testcase name="createCustomer" time="0.004" classname="TestNG_Demo.conditions.CustomerMethods"/>
</testsuite> <!-- TestNG_Demo.conditions.CustomerMethods -->
