<?xml version="1.0" encoding="UTF-8"?>
<!-- Generated by org.testng.reporters.JUnitReportReporter -->
<testsuite skipped="0" hostname="DESKTOP-LTOTNC7" name="TestNG_Demo.conditions.AlwaysRunDemo" tests="2" failures="0" timestamp="18 Dec 2018 10:27:00 GMT" time="2.082" errors="1">
  <testcase name="loginToApp" time="2.068" classname="TestNG_Demo.conditions.AlwaysRunDemo">
    <error type="org.testng.internal.thread.ThreadTimeoutException" message="Method TestNG_Demo.conditions.AlwaysRunDemo.loginToApp() didn&#039;t finish within the time-out 2000">
      <![CDATA[org.testng.internal.thread.ThreadTimeoutException: Method TestNG_Demo.conditions.AlwaysRunDemo.loginToApp() didn't finish within the time-out 2000
]]>
    </error>
  </testcase> <!-- loginToApp -->
  <testcase name="createAccount" time="0.014" classname="TestNG_Demo.conditions.AlwaysRunDemo"/>
</testsuite> <!-- TestNG_Demo.conditions.AlwaysRunDemo -->
