<?xml version="1.0" encoding="UTF-8"?>
<!-- Generated by org.testng.reporters.JUnitReportReporter -->
<testsuite skipped="0" hostname="DESKTOP-LTOTNC7" name="extentReportSS.ExtentDemo" tests="1" failures="0" timestamp="16 Sep 2020 03:56:40 GMT" time="57.981" errors="0">
  <testcase name="extentReportsDemo" time="57.981" classname="extentReportSS.ExtentDemo"/>
</testsuite> <!-- extentReportSS.ExtentDemo -->
