<?xml version="1.0" encoding="UTF-8"?>
<!-- Generated by org.testng.reporters.JUnitReportReporter -->
<testsuite skipped="0" hostname="DESKTOP-LTOTNC7" name="extentReportSS.Log4jClass" tests="1" failures="0" timestamp="06 Oct 2020 03:48:33 GMT" time="20.146" errors="0">
  <testcase name="titleTest" time="20.146" classname="extentReportSS.Log4jClass"/>
</testsuite> <!-- extentReportSS.Log4jClass -->
