<?xml version="1.0" encoding="UTF-8"?>
<!-- Generated by org.testng.reporters.JUnitReportReporter -->
<testsuite hostname="DESKTOP-LTOTNC7" name="com.tests.PHPTravelsTest" tests="1" failures="0" timestamp="10 Dec 2019 09:54:18 GMT" time="13.296" errors="0">
  <testcase name="validateAdminTest" time="13.296" classname="com.tests.PHPTravelsTest"/>
</testsuite> <!-- com.tests.PHPTravelsTest -->
