<?xml version="1.0" encoding="UTF-8"?>
<!-- Generated by org.testng.reporters.JUnitReportReporter -->
<testsuite hostname="DESKTOP-LTOTNC7" name="com.tests.TestNGgroups" tests="3" failures="0" timestamp="20 Aug 2020 04:18:13 GMT" time="0.049" errors="0">
  <testcase name="metod5" time="0.008" classname="com.tests.TestNGgroups"/>
  <testcase name="metod4" time="0.003" classname="com.tests.TestNGgroups"/>
  <testcase name="metod3" time="0.038" classname="com.tests.TestNGgroups"/>
</testsuite> <!-- com.tests.TestNGgroups -->
