<?xml version="1.0" encoding="UTF-8"?>
<!-- Generated by org.testng.reporters.JUnitReportReporter -->
<testsuite name="myTest.WebDriverManagerTest" tests="1" time="71.733" ignored="0" failures="0" timestamp="18 Sep 2020 12:41:08 GMT" skipped="0" hostname="DESKTOP-LTOTNC7" errors="0">
  <testcase name="googleTitle" time="71.733" classname="myTest.WebDriverManagerTest"/>
</testsuite> <!-- myTest.WebDriverManagerTest -->
